[2012-05-27 04:47:51] START
[2012-05-27 04:48:35] EDIT trubrary/models/library_db.py: 30
[2012-05-27 04:49:17] EDIT trubrary/controllers/default.py: 137
[2012-05-27 04:52:25] EDIT trubrary/controllers/default.py: 2
[2012-05-27 04:58:15] EDIT trubrary/controllers/default.py: 0
[2012-05-27 05:00:17] EDIT trubrary/models/library_db.py: 1
[2012-05-27 05:01:31] EDIT trubrary/models/library_db.py: 0
[2012-05-27 05:02:48] EDIT trubrary/controllers/default.py: 0
[2012-05-27 11:34:51] EDIT trubrary/controllers/default.py: 0
[2012-05-27 11:38:34] EDIT trubrary/views/default/view_patron.html: 1
[2012-05-27 11:40:24] EDIT trubrary/controllers/default.py: 0
[2012-05-27 11:43:34] EDIT trubrary/views/default/view_patron.html: 0
[2012-05-27 11:45:53] EDIT trubrary/controllers/default.py: 2
[2012-05-27 11:49:21] EDIT trubrary/controllers/default.py: 8
[2012-05-27 11:57:23] EDIT trubrary/controllers/default.py: 0
[2012-05-27 11:58:07] EDIT trubrary/controllers/default.py: 0
[2012-05-27 11:59:47] EDIT trubrary/controllers/default.py: -1
[2012-05-27 11:59:55] EDIT trubrary/controllers/default.py: 0
[2012-05-27 12:00:20] EDIT trubrary/views/default/view_patron.html: 0
[2012-05-27 12:00:33] CREATE default/pay_fine.html: 0
[2012-05-27 12:01:20] EDIT trubrary/views/default/pay_fine.html: 1
[2012-05-27 12:01:39] EDIT trubrary/views/default/pay_fine.html: 1
[2012-05-27 12:01:46] EDIT trubrary/views/default/pay_fine.html: 0
[2012-05-27 12:03:32] EDIT trubrary/controllers/default.py: 1
[2012-05-27 12:04:39] EDIT trubrary/controllers/default.py: 0
[2012-05-27 12:05:26] EDIT trubrary/controllers/default.py: 0
[2012-05-27 12:06:40] EDIT trubrary/controllers/default.py: 0
[2012-05-27 12:08:17] EDIT trubrary/controllers/default.py: 2
[2012-05-27 12:12:40] EDIT trubrary/controllers/default.py: 0
[2012-05-27 12:28:56] EDIT trubrary/static/css/style.css: 2
[2012-05-27 12:30:00] EDIT trubrary/static/css/style.css: 1
[2012-05-27 12:31:22] EDIT trubrary/static/plugin_layout_deviation/style.css: 3
[2012-05-27 12:32:31] EDIT trubrary/static/plugin_layout_deviation/style.css: -3
[2012-05-27 12:32:50] EDIT trubrary/static/css/style.css: -3
[2012-05-27 12:36:07] EDIT trubrary/static/css/style.css: 3
[2012-05-27 12:36:32] EDIT trubrary/static/plugin_layout_deviation/style.css: 3
[2012-05-27 12:38:24] EDIT trubrary/static/plugin_layout_deviation/style.css: 3
[2012-05-27 12:42:16] EDIT trubrary/static/css/style.css: 1
[2012-05-27 12:43:16] EDIT trubrary/static/plugin_layout_deviation/style.css: -4
[2012-05-27 12:45:43] EDIT trubrary/views/default/view_patron.html: 0
[2012-05-27 12:48:23] EDIT trubrary/controllers/default.py: 0
[2012-05-27 12:49:30] EDIT trubrary/controllers/default.py: 0
[2012-05-27 12:50:16] EDIT trubrary/controllers/default.py: 0
[2012-05-27 12:51:09] EDIT trubrary/controllers/default.py: 0
[2012-05-27 12:54:15] EDIT trubrary/controllers/default.py: 7
[2012-05-27 13:02:50] EDIT trubrary/controllers/default.py: 7
[2012-05-27 13:07:58] EDIT trubrary/controllers/default.py: 6
[2012-05-27 13:09:10] EDIT trubrary/controllers/default.py: 1
[2012-05-27 13:11:47] EDIT trubrary/controllers/default.py: 0
[2012-05-27 13:12:16] EDIT trubrary/controllers/default.py: -1
[2012-05-27 13:15:48] EDIT trubrary/controllers/default.py: 1
[2012-05-27 13:16:48] EDIT trubrary/controllers/default.py: 0
[2012-05-27 13:18:17] EDIT trubrary/controllers/default.py: 0
[2012-05-27 13:24:40] EDIT trubrary/views/layout.html: -1
[2012-05-27 13:25:58] EDIT trubrary/views/layout.html: -1
[2012-05-27 13:56:14] EDIT trubrary/controllers/default.py: 8
[2012-05-27 13:56:24] EDIT trubrary/controllers/default.py: 0
[2012-05-27 13:58:16] CREATE default/modify_library_settings.html: 0
[2012-05-27 14:00:35] EDIT trubrary/views/default/modify_library_settings.html: 4
[2012-05-27 14:01:26] EDIT trubrary/views/default/modify_library_settings.html: 0
[2012-05-27 14:02:51] EDIT trubrary/controllers/default.py: 0
[2012-05-27 14:03:57] EDIT trubrary/controllers/default.py: 1
[2012-05-27 14:05:12] EDIT trubrary/controllers/default.py: 6
[2012-05-27 14:06:53] EDIT trubrary/controllers/default.py: 1
[2012-05-27 15:32:20] EDIT trubrary/controllers/default.py: 0
[2012-05-27 15:35:00] EDIT trubrary/controllers/default.py: -1
[2012-05-27 15:35:41] EDIT trubrary/controllers/default.py: 0
[2012-05-27 16:05:12] EDIT trubrary/controllers/default.py: 27
[2012-05-27 16:13:30] EDIT trubrary/controllers/default.py: 0
[2012-05-27 16:14:30] EDIT trubrary/controllers/default.py: 0
[2012-05-27 16:43:31] EDIT trubrary/controllers/default.py: 4
[2012-05-27 16:43:43] EDIT trubrary/controllers/default.py: 0
[2012-05-27 16:45:41] EDIT trubrary/controllers/default.py: -4
[2012-05-27 16:57:50] EDIT trubrary/controllers/default.py: 29
[2012-05-27 17:00:46] EDIT trubrary/controllers/default.py: 1
[2012-05-27 17:01:22] EDIT trubrary/controllers/default.py: 3
[2012-05-27 17:01:40] CREATE default/test_search.html: 0
[2012-05-27 17:02:48] EDIT trubrary/views/default/test_search.html: 5
[2012-05-27 17:03:34] EDIT trubrary/controllers/default.py: 0
[2012-05-27 17:04:13] EDIT trubrary/controllers/default.py: 0
[2012-05-27 17:10:51] EDIT trubrary/controllers/default.py: 6
[2012-05-27 17:12:58] EDIT trubrary/controllers/default.py: -22
[2012-05-27 17:13:20] EDIT trubrary/controllers/default.py: -32
[2012-05-27 17:13:50] CREATE default/add_to_catalog.html: 0
[2012-05-27 17:14:02] EDIT trubrary/views/default/manage_catalog.html: -3
[2012-05-27 17:14:10] EDIT trubrary/views/default/add_to_catalog.html: 1
[2012-05-27 17:14:32] EDIT trubrary/views/default/manage_catalog.html: 7
[2012-05-27 17:14:41] DELETE trubrary/views/default/test_search.html: -8
[2012-05-27 17:28:08] EDIT trubrary/views/default/manage_catalog.html: 9
[2012-05-27 17:29:46] EDIT trubrary/views/default/manage_catalog.html: -1
[2012-05-27 17:30:26] EDIT trubrary/views/default/manage_catalog.html: 1
[2012-05-27 17:31:07] EDIT trubrary/views/default/manage_catalog.html: -13
[2012-05-27 17:44:43] EDIT trubrary/controllers/default.py: -1
[2012-05-27 18:16:35] EDIT trubrary/views/default/manage_catalog.html: 13
[2012-05-27 18:41:29] EDIT trubrary/controllers/default.py: 1
[2012-05-27 18:45:12] EDIT trubrary/controllers/default.py: 8
[2012-05-27 18:45:30] CREATE default/view_copy_details.html: 0
[2012-05-27 18:45:52] EDIT trubrary/views/default/view_copy_details.html: 0
[2012-05-27 18:46:18] EDIT trubrary/controllers/default.py: 0
[2012-05-27 19:01:18] EDIT trubrary/controllers/default.py: 0
[2012-05-27 19:02:43] EDIT trubrary/controllers/default.py: 0
[2012-05-27 19:17:41] EDIT trubrary/views/default/manage_catalog.html: 0
[2012-05-27 19:41:32] EDIT trubrary/controllers/default.py: 12
[2012-05-27 19:41:47] EDIT trubrary/controllers/default.py: 0
[2012-05-27 19:43:31] EDIT trubrary/controllers/default.py: 2
[2012-05-27 19:43:56] EDIT trubrary/controllers/default.py: 2
[2012-05-27 19:44:57] CREATE default/public_catalog.html: 0
[2012-05-27 19:48:57] EDIT trubrary/views/default/public_catalog.html: 13
[2012-05-27 19:49:47] EDIT trubrary/views/default/public_catalog.html: 0
[2012-05-27 23:33:22] EDIT trubrary/controllers/default.py: 2
[2012-05-27 23:33:54] CREATE default/view_details.html: 0
[2012-05-27 23:45:56] EDIT trubrary/views/default/view_details.html: 14
[2012-05-27 23:47:00] EDIT trubrary/views/default/view_details.html: 0
[2012-05-27 23:48:10] EDIT trubrary/views/default/view_details.html: 0
[2012-05-28 14:29:53] EDIT trubrary/models/db.py: 1
[2012-05-28 14:49:35] EDIT trubrary/controllers/default.py: 5
[2012-05-28 15:25:38] EDIT trubrary/models/db.py: 1
[2012-05-28 15:30:04] EDIT trubrary/controllers/default.py: 1
[2012-05-28 15:33:15] EDIT trubrary/controllers/default.py: 0
[2012-05-28 15:37:13] EDIT trubrary/controllers/default.py: 2
[2012-05-28 15:39:59] EDIT trubrary/controllers/default.py: 1
[2012-05-28 17:42:51] EDIT trubrary/controllers/default.py: 0
[2012-05-28 17:43:32] EDIT trubrary/controllers/default.py: 0
[2012-05-28 17:47:26] EDIT trubrary/views/default/initial_setup.html: 1
[2012-05-28 17:50:18] EDIT trubrary/controllers/default.py: 2
[2012-05-28 17:50:37] EDIT trubrary/controllers/default.py: 0
[2012-05-28 17:50:46] EDIT trubrary/views/default/initial_setup.html: -1
[2012-05-28 17:51:04] EDIT trubrary/views/default/initial_setup.html: 2
[2012-05-28 18:22:34] EDIT trubrary/controllers/default.py: 3
[2012-05-28 18:22:56] EDIT trubrary/controllers/default.py: 0
[2012-05-28 18:28:16] EDIT trubrary/controllers/default.py: 1
[2012-05-28 18:28:51] EDIT trubrary/controllers/default.py: 0
[2012-05-28 18:36:35] EDIT trubrary/controllers/default.py: 3
[2012-05-28 18:37:01] EDIT trubrary/controllers/default.py: 0
[2012-05-28 18:37:30] EDIT trubrary/controllers/default.py: 0
[2012-05-28 18:38:47] EDIT trubrary/controllers/default.py: 0
[2012-05-28 18:39:46] EDIT trubrary/controllers/default.py: 1
[2012-05-28 18:40:36] EDIT trubrary/controllers/default.py: 0
[2012-05-28 18:46:33] EDIT trubrary/controllers/default.py: 5
[2012-05-28 18:48:30] EDIT trubrary/controllers/default.py: 2
[2012-05-28 18:51:18] EDIT trubrary/controllers/default.py: -1
[2012-05-28 18:53:18] EDIT trubrary/controllers/default.py: 1
[2012-05-28 18:53:55] EDIT trubrary/controllers/default.py: 0
[2012-05-28 18:55:46] EDIT trubrary/controllers/default.py: 0
[2012-05-28 20:03:48] EDIT trubrary/controllers/default.py: 3
[2012-06-04 19:08:36] EDIT trubrary/controllers/default.py: 1
[2012-06-04 21:42:08] EDIT trubrary/views/default/view_details.html: 1
[2012-06-04 21:43:40] EDIT trubrary/views/default/view_details.html: 7
[2012-06-04 21:44:01] EDIT trubrary/controllers/default.py: 0
[2012-06-04 21:45:10] EDIT trubrary/views/default/view_details.html: 0
[2012-06-04 21:50:35] EDIT trubrary/views/default/view_details.html: 0
[2012-06-04 21:51:22] EDIT trubrary/controllers/default.py: 0
[2012-06-04 21:57:39] EDIT trubrary/controllers/default.py: 0
[2012-06-04 21:59:06] EDIT trubrary/views/default/view_details.html: 5
[2012-06-04 23:03:52] EDIT trubrary/controllers/default.py: 31
[2012-06-04 23:04:38] EDIT trubrary/controllers/default.py: 0
[2012-06-04 23:05:37] EDIT trubrary/controllers/default.py: -3
[2012-06-05 19:03:10] EDIT trubrary/controllers/default.py: 0
[2012-06-05 19:14:12] EDIT trubrary/controllers/default.py: 1
[2012-06-05 19:15:06] EDIT trubrary/controllers/default.py: 1
[2012-06-05 19:23:03] EDIT trubrary/controllers/default.py: 6
[2012-06-05 19:23:49] EDIT trubrary/controllers/default.py: 0
[2012-06-05 19:26:39] EDIT trubrary/controllers/default.py: -6
[2012-06-05 19:27:45] EDIT trubrary/controllers/default.py: 2
[2012-06-05 19:28:02] EDIT trubrary/controllers/default.py: 0
[2012-06-05 19:28:18] EDIT trubrary/controllers/default.py: 0
[2012-06-05 19:29:29] EDIT trubrary/controllers/default.py: 2
[2012-06-05 19:30:03] EDIT trubrary/controllers/default.py: -2
[2012-06-05 19:30:25] EDIT trubrary/controllers/default.py: 0
[2012-06-05 19:33:09] EDIT trubrary/controllers/default.py: 6
[2012-06-05 19:33:18] EDIT trubrary/controllers/default.py: -2
[2012-06-05 19:36:22] EDIT trubrary/controllers/default.py: 0
[2012-06-05 19:52:13] EDIT trubrary/controllers/default.py: 0
[2012-06-05 19:53:10] EDIT trubrary/controllers/default.py: 0
[2012-06-05 19:53:58] EDIT trubrary/controllers/default.py: 2
[2012-06-05 19:54:40] EDIT trubrary/views/default/view_copy_details.html: 4
[2012-06-05 20:00:40] EDIT trubrary/controllers/default.py: 1
[2012-06-05 20:01:18] EDIT trubrary/controllers/default.py: 0
[2012-06-05 20:03:06] EDIT trubrary/controllers/default.py: 3
[2012-06-05 20:09:13] EDIT trubrary/controllers/default.py: 9
[2012-06-05 20:09:41] EDIT trubrary/controllers/default.py: 1
[2012-06-05 20:33:32] EDIT trubrary/controllers/default.py: 0
[2012-06-05 20:33:48] EDIT trubrary/controllers/default.py: 1
[2012-06-05 20:36:01] EDIT trubrary/controllers/default.py: -1
[2012-06-05 20:37:48] EDIT trubrary/controllers/default.py: 0
[2012-06-05 20:38:00] EDIT trubrary/controllers/default.py: 0
[2012-06-05 20:49:04] EDIT trubrary/controllers/default.py: 2
[2012-06-05 21:04:06] EDIT trubrary/controllers/default.py: 8
[2012-06-05 21:10:02] EDIT trubrary/controllers/default.py: 1
[2012-06-05 21:11:16] EDIT trubrary/controllers/default.py: 0
[2012-06-05 21:14:06] EDIT trubrary/controllers/default.py: 0
[2012-06-05 21:16:49] EDIT trubrary/controllers/default.py: 0
[2012-06-05 21:22:27] EDIT trubrary/controllers/default.py: 5
[2012-06-05 21:23:30] EDIT trubrary/controllers/default.py: 1
[2012-06-05 21:25:35] EDIT trubrary/controllers/default.py: 0
[2012-06-05 21:39:05] EDIT trubrary/controllers/default.py: -24
[2012-06-05 21:41:41] EDIT trubrary/controllers/default.py: 0
[2012-06-05 21:42:38] EDIT trubrary/controllers/default.py: 0
[2012-06-05 22:01:38] EDIT trubrary/controllers/default.py: 0
[2012-06-05 22:06:47] EDIT trubrary/controllers/default.py: 2
[2012-06-05 22:07:46] EDIT trubrary/controllers/default.py: 0
[2012-06-05 22:09:07] EDIT trubrary/controllers/default.py: -2
[2012-06-05 22:15:04] EDIT trubrary/controllers/default.py: 0
[2012-06-05 22:26:08] EDIT trubrary/controllers/default.py: 0
[2012-06-05 22:55:13] EDIT trubrary/controllers/default.py: 0
[2012-06-05 22:57:55] EDIT trubrary/controllers/default.py: 4
[2012-06-05 22:59:11] EDIT trubrary/controllers/default.py: 0
[2012-06-05 23:14:42] EDIT trubrary/controllers/default.py: 1
[2012-06-05 23:16:19] EDIT trubrary/controllers/default.py: 0
[2012-06-05 23:19:06] EDIT trubrary/controllers/default.py: -11
[2012-06-05 23:22:05] EDIT trubrary/controllers/default.py: 0
[2012-06-05 23:28:52] EDIT trubrary/controllers/default.py: 0
[2012-06-05 23:33:07] EDIT trubrary/controllers/default.py: 6
[2012-06-05 23:34:08] EDIT trubrary/controllers/default.py: 2
[2012-06-05 23:45:21] EDIT trubrary/views/default/view_copy_details.html: 12
[2012-06-05 23:45:33] EDIT trubrary/views/default/view_copy_details.html: 1
[2012-06-05 23:46:26] EDIT trubrary/controllers/default.py: 2
[2012-06-05 23:47:10] EDIT trubrary/views/default/view_copy_details.html: 0
[2012-06-05 23:48:16] EDIT trubrary/views/default/view_copy_details.html: 0
[2012-06-05 23:49:22] EDIT trubrary/views/default/view_copy_details.html: 0
[2012-06-05 23:51:11] EDIT trubrary/views/default/view_copy_details.html: 5
[2012-06-05 23:52:57] EDIT trubrary/views/default/view_copy_details.html: 0
[2012-06-05 23:53:17] EDIT trubrary/views/default/view_copy_details.html: -5
[2012-06-05 23:55:28] EDIT trubrary/views/default/view_copy_details.html: 0
[2012-06-05 23:58:05] EDIT trubrary/views/default/view_copy_details.html: 0
[2012-06-06 00:00:08] EDIT trubrary/views/default/view_copy_details.html: -6
[2012-06-06 00:03:55] EDIT trubrary/views/default/view_copy_details.html: 3
[2012-06-06 00:19:33] EDIT trubrary/controllers/default.py: 16
[2012-06-06 00:19:46] EDIT trubrary/controllers/default.py: 0
[2012-06-06 00:25:51] EDIT trubrary/controllers/default.py: 14
[2012-06-06 00:27:24] EDIT trubrary/views/default/view_copy_details.html: 0
[2012-06-06 00:33:18] EDIT trubrary/controllers/default.py: 12
[2012-06-06 00:33:56] EDIT trubrary/controllers/default.py: 2
[2012-06-06 00:35:26] EDIT trubrary/views/default/view_copy_details.html: 2
[2012-06-06 00:37:49] EDIT trubrary/controllers/default.py: -2
[2012-06-06 00:40:12] EDIT trubrary/views/default/view_details.html: 3
[2012-06-06 00:44:20] EDIT trubrary/views/default/view_details.html: 0
[2012-06-06 00:50:23] EDIT trubrary/controllers/default.py: 9
[2012-06-06 00:54:02] EDIT trubrary/controllers/default.py: 2
[2012-06-06 00:55:14] CREATE default/add_review.html: 0
[2012-06-06 00:56:07] EDIT trubrary/views/default/add_review.html: 2
[2012-06-06 00:57:46] EDIT trubrary/controllers/default.py: 1
[2012-06-06 00:58:48] EDIT trubrary/controllers/default.py: 2
[2012-06-06 00:59:26] EDIT trubrary/views/default/add_review.html: 2
[2012-06-06 01:00:37] EDIT trubrary/models/library_db.py: 1
[2012-06-06 01:01:12] EDIT trubrary/views/default/view_details.html: 1
[2012-06-06 01:03:03] EDIT trubrary/views/default/view_details.html: 3
[2012-06-06 01:04:05] EDIT trubrary/views/default/view_details.html: 0
[2012-06-06 01:05:17] EDIT trubrary/controllers/default.py: 0
[2012-06-06 01:06:20] EDIT trubrary/controllers/default.py: 1
[2012-06-06 01:07:50] EDIT trubrary/views/default/view_details.html: 0
[2012-06-06 01:09:23] EDIT trubrary/views/default/view_details.html: 0
[2012-06-06 01:15:05] EDIT trubrary/controllers/default.py: 7
[2012-06-06 01:17:22] EDIT trubrary/views/default/view_details.html: 0
[2012-06-06 01:19:50] EDIT trubrary/controllers/default.py: 1
[2012-06-06 01:27:17] EDIT trubrary/views/default/index.html: 14
[2012-06-06 01:28:35] EDIT trubrary/controllers/default.py: 6
[2012-06-06 01:28:59] EDIT trubrary/views/default/index.html: 0
[2012-06-06 01:30:15] EDIT trubrary/controllers/default.py: 4
[2012-06-06 01:30:23] EDIT trubrary/controllers/default.py: 0
[2012-06-06 01:30:47] EDIT trubrary/controllers/default.py: 1
[2012-06-06 01:34:42] EDIT trubrary/controllers/default.py: 0
[2012-06-06 01:36:32] EDIT trubrary/controllers/default.py: 5
[2012-06-06 01:36:51] CREATE default/add_post.html: 0
[2012-06-06 01:37:25] EDIT trubrary/views/default/add_post.html: 2
[2012-06-06 01:39:36] EDIT trubrary/views/default/index.html: 0
[2012-06-06 01:42:02] EDIT trubrary/controllers/default.py: -2
[2012-06-06 01:44:21] EDIT trubrary/controllers/default.py: 3
[2012-06-06 01:45:25] EDIT trubrary/controllers/default.py: -3
[2012-06-06 01:49:41] EDIT trubrary/controllers/default.py: 0
[2012-06-06 01:50:04] EDIT trubrary/controllers/default.py: 0
[2012-06-06 20:18:45] EDIT trubrary/controllers/default.py: 2
[2012-06-06 20:22:36] EDIT trubrary/controllers/default.py: 4
[2012-06-06 20:27:25] EDIT trubrary/controllers/default.py: 1
[2012-06-06 20:28:22] EDIT trubrary/controllers/default.py: 0
[2012-06-06 20:29:16] EDIT trubrary/controllers/default.py: 0
[2012-06-06 20:34:42] EDIT trubrary/views/default/view_details.html: 1
[2012-06-06 20:35:39] EDIT trubrary/views/default/view_details.html: 0
[2012-06-06 20:36:13] EDIT trubrary/views/default/view_details.html: 0
[2012-06-06 20:37:21] EDIT trubrary/views/default/view_details.html: 0
[2012-06-06 20:37:30] EDIT trubrary/views/default/view_details.html: 0
[2012-06-06 20:39:22] EDIT trubrary/controllers/default.py: 1
[2012-06-06 20:40:06] EDIT trubrary/controllers/default.py: 2
[2012-06-06 20:40:34] EDIT trubrary/controllers/default.py: -2
[2012-06-06 20:42:46] EDIT trubrary/controllers/default.py: 0
[2012-06-06 20:43:29] EDIT trubrary/controllers/default.py: 0
[2012-06-06 20:43:37] EDIT trubrary/controllers/default.py: 0
